[06-Oct-2025 07:15:12 UTC] PHP Fatal error:  Array and string offset access syntax with curly braces is no longer supported in C:\Users\Gudrun Jans\Local Sites\planty\app\public\wp-content\themes\tm-beans\lib\api\compiler\vendors\lessc.php on line 719
[06-Oct-2025 07:15:55 UTC] PHP Fatal error:  Array and string offset access syntax with curly braces is no longer supported in C:\Users\Gudrun Jans\Local Sites\planty\app\public\wp-content\themes\tm-beans\lib\api\compiler\vendors\lessc.php on line 719
[06-Oct-2025 07:16:23 UTC] PHP Fatal error:  Array and string offset access syntax with curly braces is no longer supported in C:\Users\Gudrun Jans\Local Sites\planty\app\public\wp-content\themes\tm-beans\lib\api\compiler\vendors\lessc.php on line 719
[06-Oct-2025 07:16:41 UTC] PHP Fatal error:  Array and string offset access syntax with curly braces is no longer supported in C:\Users\Gudrun Jans\Local Sites\planty\app\public\wp-content\themes\tm-beans\lib\api\compiler\vendors\lessc.php on line 719
[06-Oct-2025 07:21:19 UTC] PHP Warning:  Failed loading Zend extension 'php_opcache.dll' (tried: C:/Users/Gudrun Jans/AppData/Roaming/Local/lightning-services/php-8.2.27+1/bin/win64/ext\php_opcache.dll (La procédure spécifiée est introuvable), C:/Users/Gudrun Jans/AppData/Roaming/Local/lightning-services/php-8.2.27+1/bin/win64/ext\php_php_opcache.dll.dll (Le module spécifié est introuvable)) in Unknown on line 0
[06-Oct-2025 07:21:19 UTC] PHP Warning:  Failed loading Zend extension 'php_xdebug.dll' (tried: C:/Users/Gudrun Jans/AppData/Roaming/Local/lightning-services/php-8.2.27+1/bin/win64/ext\php_xdebug.dll (La procédure spécifiée est introuvable), C:/Users/Gudrun Jans/AppData/Roaming/Local/lightning-services/php-8.2.27+1/bin/win64/ext\php_php_xdebug.dll.dll (Le module spécifié est introuvable)) in Unknown on line 0
[06-Oct-2025 07:21:19 UTC] PHP Warning:  PHP Startup: Unable to load dynamic library 'php_curl.dll' (tried: C:/Users/Gudrun Jans/AppData/Roaming/Local/lightning-services/php-8.2.27+1/bin/win64/ext\php_curl.dll (La procédure spécifiée est introuvable), C:/Users/Gudrun Jans/AppData/Roaming/Local/lightning-services/php-8.2.27+1/bin/win64/ext\php_php_curl.dll.dll (Le module spécifié est introuvable)) in Unknown on line 0
[06-Oct-2025 07:21:19 UTC] PHP Warning:  PHP Startup: Unable to load dynamic library 'php_gettext.dll' (tried: C:/Users/Gudrun Jans/AppData/Roaming/Local/lightning-services/php-8.2.27+1/bin/win64/ext\php_gettext.dll (La procédure spécifiée est introuvable), C:/Users/Gudrun Jans/AppData/Roaming/Local/lightning-services/php-8.2.27+1/bin/win64/ext\php_php_gettext.dll.dll (Le module spécifié est introuvable)) in Unknown on line 0
[06-Oct-2025 07:21:19 UTC] PHP Warning:  PHP Startup: Unable to load dynamic library 'php_openssl.dll' (tried: C:/Users/Gudrun Jans/AppData/Roaming/Local/lightning-services/php-8.2.27+1/bin/win64/ext\php_openssl.dll (La procédure spécifiée est introuvable), C:/Users/Gudrun Jans/AppData/Roaming/Local/lightning-services/php-8.2.27+1/bin/win64/ext\php_php_openssl.dll.dll (Le module spécifié est introuvable)) in Unknown on line 0
[06-Oct-2025 07:21:19 UTC] PHP Warning:  PHP Startup: Unable to load dynamic library 'php_exif.dll' (tried: C:/Users/Gudrun Jans/AppData/Roaming/Local/lightning-services/php-8.2.27+1/bin/win64/ext\php_exif.dll (La procédure spécifiée est introuvable), C:/Users/Gudrun Jans/AppData/Roaming/Local/lightning-services/php-8.2.27+1/bin/win64/ext\php_php_exif.dll.dll (Le module spécifié est introuvable)) in Unknown on line 0
[06-Oct-2025 07:21:19 UTC] PHP Warning:  PHP Startup: Unable to load dynamic library 'php_gd.dll' (tried: C:/Users/Gudrun Jans/AppData/Roaming/Local/lightning-services/php-8.2.27+1/bin/win64/ext\php_gd.dll (La procédure spécifiée est introuvable), C:/Users/Gudrun Jans/AppData/Roaming/Local/lightning-services/php-8.2.27+1/bin/win64/ext\php_php_gd.dll.dll (Le module spécifié est introuvable)) in Unknown on line 0
[06-Oct-2025 07:21:19 UTC] PHP Warning:  PHP Startup: ftp: Unable to initialize module
Module compiled with module API=20220829
PHP    compiled with module API=20200930
These options need to match
 in Unknown on line 0
[06-Oct-2025 07:21:19 UTC] PHP Warning:  PHP Startup: Unable to load dynamic library 'php_ffi.dll' (tried: C:/Users/Gudrun Jans/AppData/Roaming/Local/lightning-services/php-8.2.27+1/bin/win64/ext\php_ffi.dll (La procédure spécifiée est introuvable), C:/Users/Gudrun Jans/AppData/Roaming/Local/lightning-services/php-8.2.27+1/bin/win64/ext\php_php_ffi.dll.dll (Le module spécifié est introuvable)) in Unknown on line 0
[06-Oct-2025 07:21:19 UTC] PHP Warning:  PHP Startup: Unable to load dynamic library 'php_imap.dll' (tried: C:/Users/Gudrun Jans/AppData/Roaming/Local/lightning-services/php-8.2.27+1/bin/win64/ext\php_imap.dll (La procédure spécifiée est introuvable), C:/Users/Gudrun Jans/AppData/Roaming/Local/lightning-services/php-8.2.27+1/bin/win64/ext\php_php_imap.dll.dll (Le module spécifié est introuvable)) in Unknown on line 0
[06-Oct-2025 07:21:19 UTC] PHP Warning:  PHP Startup: Unable to load dynamic library 'php_bz2.dll' (tried: C:/Users/Gudrun Jans/AppData/Roaming/Local/lightning-services/php-8.2.27+1/bin/win64/ext\php_bz2.dll (La procédure spécifiée est introuvable), C:/Users/Gudrun Jans/AppData/Roaming/Local/lightning-services/php-8.2.27+1/bin/win64/ext\php_php_bz2.dll.dll (Le module spécifié est introuvable)) in Unknown on line 0
[06-Oct-2025 07:21:19 UTC] PHP Warning:  PHP Startup: Unable to load dynamic library 'php_mbstring.dll' (tried: C:/Users/Gudrun Jans/AppData/Roaming/Local/lightning-services/php-8.2.27+1/bin/win64/ext\php_mbstring.dll (La procédure spécifiée est introuvable), C:/Users/Gudrun Jans/AppData/Roaming/Local/lightning-services/php-8.2.27+1/bin/win64/ext\php_php_mbstring.dll.dll (Le module spécifié est introuvable)) in Unknown on line 0
[06-Oct-2025 07:21:19 UTC] PHP Warning:  PHP Startup: Unable to load dynamic library 'php_sodium.dll' (tried: C:/Users/Gudrun Jans/AppData/Roaming/Local/lightning-services/php-8.2.27+1/bin/win64/ext\php_sodium.dll (La procédure spécifiée est introuvable), C:/Users/Gudrun Jans/AppData/Roaming/Local/lightning-services/php-8.2.27+1/bin/win64/ext\php_php_sodium.dll.dll (Le module spécifié est introuvable)) in Unknown on line 0
[06-Oct-2025 07:21:19 UTC] PHP Warning:  PHP Startup: Unable to load dynamic library 'php_tidy.dll' (tried: C:/Users/Gudrun Jans/AppData/Roaming/Local/lightning-services/php-8.2.27+1/bin/win64/ext\php_tidy.dll (La procédure spécifiée est introuvable), C:/Users/Gudrun Jans/AppData/Roaming/Local/lightning-services/php-8.2.27+1/bin/win64/ext\php_php_tidy.dll.dll (Le module spécifié est introuvable)) in Unknown on line 0
[06-Oct-2025 07:21:19 UTC] PHP Warning:  PHP Startup: Unable to load dynamic library 'php_xsl.dll' (tried: C:/Users/Gudrun Jans/AppData/Roaming/Local/lightning-services/php-8.2.27+1/bin/win64/ext\php_xsl.dll (La procédure spécifiée est introuvable), C:/Users/Gudrun Jans/AppData/Roaming/Local/lightning-services/php-8.2.27+1/bin/win64/ext\php_php_xsl.dll.dll (Le module spécifié est introuvable)) in Unknown on line 0
[06-Oct-2025 07:21:20 UTC] PHP Warning:  PHP Startup: Unable to load dynamic library 'php_soap.dll' (tried: C:/Users/Gudrun Jans/AppData/Roaming/Local/lightning-services/php-8.2.27+1/bin/win64/ext\php_soap.dll (La procédure spécifiée est introuvable), C:/Users/Gudrun Jans/AppData/Roaming/Local/lightning-services/php-8.2.27+1/bin/win64/ext\php_php_soap.dll.dll (Le module spécifié est introuvable)) in Unknown on line 0
[06-Oct-2025 07:21:20 UTC] PHP Warning:  PHP Startup: Unable to load dynamic library 'php_mysqli.dll' (tried: C:/Users/Gudrun Jans/AppData/Roaming/Local/lightning-services/php-8.2.27+1/bin/win64/ext\php_mysqli.dll (La procédure spécifiée est introuvable), C:/Users/Gudrun Jans/AppData/Roaming/Local/lightning-services/php-8.2.27+1/bin/win64/ext\php_php_mysqli.dll.dll (Le module spécifié est introuvable)) in Unknown on line 0
[06-Oct-2025 07:21:20 UTC] PHP Warning:  PHP Startup: Unable to load dynamic library 'php_pdo_mysql.dll' (tried: C:/Users/Gudrun Jans/AppData/Roaming/Local/lightning-services/php-8.2.27+1/bin/win64/ext\php_pdo_mysql.dll (La procédure spécifiée est introuvable), C:/Users/Gudrun Jans/AppData/Roaming/Local/lightning-services/php-8.2.27+1/bin/win64/ext\php_php_pdo_mysql.dll.dll (Le module spécifié est introuvable)) in Unknown on line 0
[06-Oct-2025 07:21:20 UTC] PHP Warning:  PHP Startup: fileinfo: Unable to initialize module
Module compiled with module API=20220829
PHP    compiled with module API=20200930
These options need to match
 in Unknown on line 0
[06-Oct-2025 07:21:20 UTC] PHP Warning:  PHP Startup: Unable to load dynamic library 'php_pdo_sqlite.dll' (tried: C:/Users/Gudrun Jans/AppData/Roaming/Local/lightning-services/php-8.2.27+1/bin/win64/ext\php_pdo_sqlite.dll (La procédure spécifiée est introuvable), C:/Users/Gudrun Jans/AppData/Roaming/Local/lightning-services/php-8.2.27+1/bin/win64/ext\php_php_pdo_sqlite.dll.dll (Le module spécifié est introuvable)) in Unknown on line 0
[06-Oct-2025 07:21:20 UTC] PHP Warning:  PHP Startup: Unable to load dynamic library 'php_sqlite3.dll' (tried: C:/Users/Gudrun Jans/AppData/Roaming/Local/lightning-services/php-8.2.27+1/bin/win64/ext\php_sqlite3.dll (La procédure spécifiée est introuvable), C:/Users/Gudrun Jans/AppData/Roaming/Local/lightning-services/php-8.2.27+1/bin/win64/ext\php_php_sqlite3.dll.dll (Le module spécifié est introuvable)) in Unknown on line 0
[06-Oct-2025 07:21:20 UTC] PHP Warning:  PHP Startup: Unable to load dynamic library 'php_zip.dll' (tried: C:/Users/Gudrun Jans/AppData/Roaming/Local/lightning-services/php-8.2.27+1/bin/win64/ext\php_zip.dll (La procédure spécifiée est introuvable), C:/Users/Gudrun Jans/AppData/Roaming/Local/lightning-services/php-8.2.27+1/bin/win64/ext\php_php_zip.dll.dll (Le module spécifié est introuvable)) in Unknown on line 0
[06-Oct-2025 07:21:20 UTC] PHP Warning:  PHP Startup: Unable to load dynamic library 'php_imagick.dll' (tried: C:/Users/Gudrun Jans/AppData/Roaming/Local/lightning-services/php-8.2.27+1/bin/win64/ext\php_imagick.dll (La procédure spécifiée est introuvable), C:/Users/Gudrun Jans/AppData/Roaming/Local/lightning-services/php-8.2.27+1/bin/win64/ext\php_php_imagick.dll.dll (Le module spécifié est introuvable)) in Unknown on line 0
[06-Oct-2025 07:21:20 UTC] PHP Warning:  PHP Startup: Unable to load dynamic library 'php_intl.dll' (tried: C:/Users/Gudrun Jans/AppData/Roaming/Local/lightning-services/php-8.2.27+1/bin/win64/ext\php_intl.dll (Le module spécifié est introuvable), C:/Users/Gudrun Jans/AppData/Roaming/Local/lightning-services/php-8.2.27+1/bin/win64/ext\php_php_intl.dll.dll (Le module spécifié est introuvable)) in Unknown on line 0
[06-Oct-2025 07:22:13 UTC] PHP Fatal error:  Array and string offset access syntax with curly braces is no longer supported in C:\Users\Gudrun Jans\Local Sites\planty\app\public\wp-content\themes\tm-beans\lib\api\compiler\vendors\lessc.php on line 719
[06-Oct-2025 07:23:08 UTC] PHP Parse error:  syntax error, unexpected token "{" in C:\Users\Gudrun Jans\Local Sites\planty\app\public\wp-content\themes\tm-beans\lib\api\compiler\vendors\lessc.php on line 719
[06-Oct-2025 07:23:31 UTC] PHP Parse error:  syntax error, unexpected token "{" in C:\Users\Gudrun Jans\Local Sites\planty\app\public\wp-content\themes\tm-beans\lib\api\compiler\vendors\lessc.php on line 719
[06-Oct-2025 07:31:21 UTC] PHP Parse error:  syntax error, unexpected token "{" in C:\Users\Gudrun Jans\Local Sites\planty\app\public\wp-content\themes\tm-beans\lib\api\compiler\vendors\lessc.php on line 719
[06-Oct-2025 07:31:30 UTC] PHP Parse error:  syntax error, unexpected token "{" in C:\Users\Gudrun Jans\Local Sites\planty\app\public\wp-content\themes\tm-beans\lib\api\compiler\vendors\lessc.php on line 719
[12-Oct-2025 14:47:05 UTC] PHP Parse error:  syntax error, unexpected token "{" in C:\Users\Gudrun Jans\Local Sites\planty\app\public\wp-content\themes\tm-beans\lib\api\compiler\vendors\lessc.php on line 719
[12-Oct-2025 14:55:41 UTC] PHP Fatal error:  Uncaught TypeError: call_user_func_array(): Argument #1 ($callback) must be a valid callback, class "_WP_Editors" not found in C:\Users\Gudrun Jans\Local Sites\planty\app\public\wp-includes\class-wp-hook.php:324
Stack trace:
#0 C:\Users\Gudrun Jans\Local Sites\planty\app\public\wp-includes\class-wp-hook.php(348): WP_Hook->apply_filters(NULL, Array)
#1 C:\Users\Gudrun Jans\Local Sites\planty\app\public\wp-includes\plugin.php(517): WP_Hook->do_action(Array)
#2 C:\Users\Gudrun Jans\Local Sites\planty\app\public\wp-admin\customize.php(306): do_action('customize_contr...')
#3 {main}
  thrown in C:\Users\Gudrun Jans\Local Sites\planty\app\public\wp-includes\class-wp-hook.php on line 324
[22-Oct-2025 06:24:25 UTC] PHP Warning:  Trying to access array offset on false in C:\Users\Gudrun Jans\Local Sites\planty\app\public\wp-content\plugins\elementor\includes\managers\image.php on line 113
[22-Oct-2025 06:24:25 UTC] PHP Warning:  Trying to access array offset on false in C:\Users\Gudrun Jans\Local Sites\planty\app\public\wp-content\plugins\elementor\includes\managers\image.php on line 113
[22-Oct-2025 06:24:25 UTC] PHP Warning:  Trying to access array offset on false in C:\Users\Gudrun Jans\Local Sites\planty\app\public\wp-content\plugins\elementor\includes\managers\image.php on line 113
[22-Oct-2025 06:24:25 UTC] PHP Warning:  Trying to access array offset on false in C:\Users\Gudrun Jans\Local Sites\planty\app\public\wp-content\plugins\elementor\includes\managers\image.php on line 113
[22-Oct-2025 06:24:25 UTC] PHP Warning:  Trying to access array offset on false in C:\Users\Gudrun Jans\Local Sites\planty\app\public\wp-content\plugins\elementor\includes\managers\image.php on line 113
[22-Oct-2025 06:24:25 UTC] PHP Warning:  Trying to access array offset on false in C:\Users\Gudrun Jans\Local Sites\planty\app\public\wp-content\plugins\elementor\includes\managers\image.php on line 113
[22-Oct-2025 06:24:25 UTC] PHP Warning:  Trying to access array offset on false in C:\Users\Gudrun Jans\Local Sites\planty\app\public\wp-content\plugins\elementor\includes\managers\image.php on line 113
[22-Oct-2025 06:24:25 UTC] PHP Warning:  Trying to access array offset on false in C:\Users\Gudrun Jans\Local Sites\planty\app\public\wp-content\plugins\elementor\includes\managers\image.php on line 113
[22-Oct-2025 06:24:25 UTC] PHP Warning:  Trying to access array offset on false in C:\Users\Gudrun Jans\Local Sites\planty\app\public\wp-content\plugins\elementor\includes\managers\image.php on line 113
[22-Oct-2025 06:24:25 UTC] PHP Warning:  Trying to access array offset on false in C:\Users\Gudrun Jans\Local Sites\planty\app\public\wp-content\plugins\elementor\includes\managers\image.php on line 113
[22-Oct-2025 06:24:25 UTC] PHP Warning:  Trying to access array offset on false in C:\Users\Gudrun Jans\Local Sites\planty\app\public\wp-content\plugins\elementor\includes\managers\image.php on line 113
[22-Oct-2025 06:24:25 UTC] PHP Warning:  Trying to access array offset on false in C:\Users\Gudrun Jans\Local Sites\planty\app\public\wp-content\plugins\elementor\includes\managers\image.php on line 113
[22-Oct-2025 06:24:25 UTC] PHP Warning:  Trying to access array offset on false in C:\Users\Gudrun Jans\Local Sites\planty\app\public\wp-content\plugins\elementor\includes\managers\image.php on line 113
[22-Oct-2025 06:24:25 UTC] PHP Warning:  Trying to access array offset on false in C:\Users\Gudrun Jans\Local Sites\planty\app\public\wp-content\plugins\elementor\includes\managers\image.php on line 113
[22-Oct-2025 06:24:25 UTC] PHP Warning:  Trying to access array offset on false in C:\Users\Gudrun Jans\Local Sites\planty\app\public\wp-content\plugins\elementor\includes\managers\image.php on line 113
[22-Oct-2025 06:24:25 UTC] PHP Warning:  Trying to access array offset on false in C:\Users\Gudrun Jans\Local Sites\planty\app\public\wp-content\plugins\elementor\includes\managers\image.php on line 113
[22-Oct-2025 06:24:25 UTC] PHP Warning:  Trying to access array offset on false in C:\Users\Gudrun Jans\Local Sites\planty\app\public\wp-content\plugins\elementor\includes\managers\image.php on line 113
[22-Oct-2025 06:24:25 UTC] PHP Warning:  Trying to access array offset on false in C:\Users\Gudrun Jans\Local Sites\planty\app\public\wp-content\plugins\elementor\includes\managers\image.php on line 113
[22-Oct-2025 06:24:25 UTC] PHP Warning:  Trying to access array offset on false in C:\Users\Gudrun Jans\Local Sites\planty\app\public\wp-content\plugins\elementor\includes\managers\image.php on line 113
[22-Oct-2025 06:24:25 UTC] PHP Warning:  Trying to access array offset on false in C:\Users\Gudrun Jans\Local Sites\planty\app\public\wp-content\plugins\elementor\includes\managers\image.php on line 113
[22-Oct-2025 06:24:25 UTC] PHP Warning:  Trying to access array offset on false in C:\Users\Gudrun Jans\Local Sites\planty\app\public\wp-content\plugins\elementor\includes\managers\image.php on line 113
[22-Oct-2025 06:24:25 UTC] PHP Warning:  Trying to access array offset on false in C:\Users\Gudrun Jans\Local Sites\planty\app\public\wp-content\plugins\elementor\includes\managers\image.php on line 113
[22-Oct-2025 06:26:12 UTC] PHP Warning:  Undefined array key "editor_post_id" in C:\Users\Gudrun Jans\Local Sites\planty\app\public\wp-content\plugins\elementor\modules\history\revisions-manager.php on line 363
